2022-03-23 17:39:30.806 [main] INFO  com.bingo.spring_bingo.SpringBingoApplication - Starting SpringBingoApplication using Java 1.8.0_321 on DESKTOP-6GLRNL2 with PID 5428 (D:\gs_dev\idea\IdeaProjects\spring_bingo\target\classes started by chosien in D:\gs_dev\idea\IdeaProjects\spring_bingo)
2022-03-23 17:39:30.808 [main] INFO  com.bingo.spring_bingo.SpringBingoApplication - The following 1 profile is active: "dev"
2022-03-23 17:39:31.847 [main] INFO  o.s.boot.web.embedded.tomcat.TomcatWebServer - Tomcat initialized with port(s): 8082 (http)
2022-03-23 17:39:31.855 [main] INFO  org.apache.coyote.http11.Http11NioProtocol - Initializing ProtocolHandler ["http-nio-8082"]
2022-03-23 17:39:31.857 [main] INFO  org.apache.catalina.core.StandardService - Starting service [Tomcat]
2022-03-23 17:39:31.857 [main] INFO  org.apache.catalina.core.StandardEngine - Starting Servlet engine: [Apache Tomcat/9.0.58]
2022-03-23 17:39:31.929 [main] INFO  o.a.c.core.ContainerBase.[Tomcat].[localhost].[/] - Initializing Spring embedded WebApplicationContext
2022-03-23 17:39:31.930 [main] INFO  o.s.b.w.s.c.ServletWebServerApplicationContext - Root WebApplicationContext: initialization completed in 1087 ms
2022-03-23 17:39:32.097 [main] INFO  c.a.d.s.b.a.DruidDataSourceAutoConfigure - Init DruidDataSource
2022-03-23 17:39:33.703 [main] INFO  com.alibaba.druid.pool.DruidDataSource - {dataSource-1} inited
2022-03-23 17:39:34.209 [main] INFO  o.s.b.a.s.s.UserDetailsServiceAutoConfiguration - 

Using generated security password: 0aae4a29-36ee-4147-bdef-b7647307c241

2022-03-23 17:39:34.301 [main] INFO  o.s.security.web.DefaultSecurityFilterChain - Will not secure any request
2022-03-23 17:39:34.382 [main] INFO  org.apache.coyote.http11.Http11NioProtocol - Starting ProtocolHandler ["http-nio-8082"]
2022-03-23 17:39:34.397 [main] INFO  o.s.boot.web.embedded.tomcat.TomcatWebServer - Tomcat started on port(s): 8082 (http) with context path ''
2022-03-23 17:39:34.426 [main] INFO  com.bingo.spring_bingo.SpringBingoApplication - Started SpringBingoApplication in 4.176 seconds (JVM running for 4.791)
2022-03-23 17:41:27.933 [main] INFO  com.bingo.spring_bingo.SpringBingoApplication - Starting SpringBingoApplication using Java 1.8.0_321 on DESKTOP-6GLRNL2 with PID 11720 (D:\gs_dev\idea\IdeaProjects\spring_bingo\target\classes started by chosien in D:\gs_dev\idea\IdeaProjects\spring_bingo)
2022-03-23 17:41:27.937 [main] INFO  com.bingo.spring_bingo.SpringBingoApplication - The following 1 profile is active: "dev"
2022-03-23 17:41:28.877 [main] INFO  o.s.boot.web.embedded.tomcat.TomcatWebServer - Tomcat initialized with port(s): 8082 (http)
2022-03-23 17:41:28.885 [main] INFO  org.apache.coyote.http11.Http11NioProtocol - Initializing ProtocolHandler ["http-nio-8082"]
2022-03-23 17:41:28.886 [main] INFO  org.apache.catalina.core.StandardService - Starting service [Tomcat]
2022-03-23 17:41:28.886 [main] INFO  org.apache.catalina.core.StandardEngine - Starting Servlet engine: [Apache Tomcat/9.0.58]
2022-03-23 17:41:28.968 [main] INFO  o.a.c.core.ContainerBase.[Tomcat].[localhost].[/] - Initializing Spring embedded WebApplicationContext
2022-03-23 17:41:28.968 [main] INFO  o.s.b.w.s.c.ServletWebServerApplicationContext - Root WebApplicationContext: initialization completed in 988 ms
2022-03-23 17:41:29.102 [main] INFO  c.a.d.s.b.a.DruidDataSourceAutoConfigure - Init DruidDataSource
2022-03-23 17:41:30.706 [main] INFO  com.alibaba.druid.pool.DruidDataSource - {dataSource-1} inited
2022-03-23 17:41:31.168 [main] INFO  o.s.b.a.s.s.UserDetailsServiceAutoConfiguration - 

Using generated security password: b75e89a0-b8d8-484f-b0c1-3204659923b0

2022-03-23 17:41:31.252 [main] INFO  o.s.security.web.DefaultSecurityFilterChain - Will not secure any request
2022-03-23 17:41:31.325 [main] INFO  org.apache.coyote.http11.Http11NioProtocol - Starting ProtocolHandler ["http-nio-8082"]
2022-03-23 17:41:31.339 [main] INFO  o.s.boot.web.embedded.tomcat.TomcatWebServer - Tomcat started on port(s): 8082 (http) with context path ''
2022-03-23 17:41:31.359 [main] INFO  com.bingo.spring_bingo.SpringBingoApplication - Started SpringBingoApplication in 3.996 seconds (JVM running for 4.603)
2022-03-23 17:42:09.328 [main] INFO  com.bingo.spring_bingo.SpringBingoApplication - Starting SpringBingoApplication using Java 1.8.0_321 on DESKTOP-6GLRNL2 with PID 11992 (D:\gs_dev\idea\IdeaProjects\spring_bingo\target\classes started by chosien in D:\gs_dev\idea\IdeaProjects\spring_bingo)
2022-03-23 17:42:09.331 [main] INFO  com.bingo.spring_bingo.SpringBingoApplication - The following 1 profile is active: "dev"
2022-03-23 17:42:10.256 [main] INFO  o.s.boot.web.embedded.tomcat.TomcatWebServer - Tomcat initialized with port(s): 8082 (http)
2022-03-23 17:42:10.263 [main] INFO  org.apache.coyote.http11.Http11NioProtocol - Initializing ProtocolHandler ["http-nio-8082"]
2022-03-23 17:42:10.264 [main] INFO  org.apache.catalina.core.StandardService - Starting service [Tomcat]
2022-03-23 17:42:10.264 [main] INFO  org.apache.catalina.core.StandardEngine - Starting Servlet engine: [Apache Tomcat/9.0.58]
2022-03-23 17:42:10.336 [main] INFO  o.a.c.core.ContainerBase.[Tomcat].[localhost].[/] - Initializing Spring embedded WebApplicationContext
2022-03-23 17:42:10.336 [main] INFO  o.s.b.w.s.c.ServletWebServerApplicationContext - Root WebApplicationContext: initialization completed in 964 ms
2022-03-23 17:42:10.479 [main] INFO  c.a.d.s.b.a.DruidDataSourceAutoConfigure - Init DruidDataSource
2022-03-23 17:42:11.854 [main] INFO  com.alibaba.druid.pool.DruidDataSource - {dataSource-1} inited
2022-03-23 17:42:12.375 [main] INFO  o.s.b.a.s.s.UserDetailsServiceAutoConfiguration - 

Using generated security password: dbd01ca9-bfe3-4d3a-ada1-5756685423dd

2022-03-23 17:42:12.465 [main] INFO  o.s.security.web.DefaultSecurityFilterChain - Will not secure any request
2022-03-23 17:42:12.541 [main] INFO  org.apache.coyote.http11.Http11NioProtocol - Starting ProtocolHandler ["http-nio-8082"]
2022-03-23 17:42:12.556 [main] INFO  o.s.boot.web.embedded.tomcat.TomcatWebServer - Tomcat started on port(s): 8082 (http) with context path ''
2022-03-23 17:42:12.578 [main] INFO  com.bingo.spring_bingo.SpringBingoApplication - Started SpringBingoApplication in 3.827 seconds (JVM running for 4.401)
2022-03-23 17:42:46.544 [main] INFO  com.bingo.spring_bingo.SpringBingoApplication - Starting SpringBingoApplication using Java 1.8.0_321 on DESKTOP-6GLRNL2 with PID 9316 (D:\gs_dev\idea\IdeaProjects\spring_bingo\target\classes started by chosien in D:\gs_dev\idea\IdeaProjects\spring_bingo)
2022-03-23 17:42:46.545 [main] INFO  com.bingo.spring_bingo.SpringBingoApplication - The following 1 profile is active: "dev"
2022-03-23 17:42:47.449 [main] INFO  o.s.boot.web.embedded.tomcat.TomcatWebServer - Tomcat initialized with port(s): 8082 (http)
2022-03-23 17:42:47.457 [main] INFO  org.apache.coyote.http11.Http11NioProtocol - Initializing ProtocolHandler ["http-nio-8082"]
2022-03-23 17:42:47.457 [main] INFO  org.apache.catalina.core.StandardService - Starting service [Tomcat]
2022-03-23 17:42:47.457 [main] INFO  org.apache.catalina.core.StandardEngine - Starting Servlet engine: [Apache Tomcat/9.0.58]
2022-03-23 17:42:47.542 [main] INFO  o.a.c.core.ContainerBase.[Tomcat].[localhost].[/] - Initializing Spring embedded WebApplicationContext
2022-03-23 17:42:47.542 [main] INFO  o.s.b.w.s.c.ServletWebServerApplicationContext - Root WebApplicationContext: initialization completed in 964 ms
2022-03-23 17:42:47.678 [main] INFO  c.a.d.s.b.a.DruidDataSourceAutoConfigure - Init DruidDataSource
2022-03-23 17:42:49.161 [main] INFO  com.alibaba.druid.pool.DruidDataSource - {dataSource-1} inited
2022-03-23 17:42:49.649 [main] INFO  o.s.b.a.s.s.UserDetailsServiceAutoConfiguration - 

Using generated security password: f2f7a5e7-59e4-4108-82d3-2c2bc5852136

2022-03-23 17:42:49.738 [main] INFO  o.s.security.web.DefaultSecurityFilterChain - Will not secure any request
2022-03-23 17:42:49.818 [main] INFO  org.apache.coyote.http11.Http11NioProtocol - Starting ProtocolHandler ["http-nio-8082"]
2022-03-23 17:42:49.832 [main] INFO  o.s.boot.web.embedded.tomcat.TomcatWebServer - Tomcat started on port(s): 8082 (http) with context path ''
2022-03-23 17:42:49.853 [main] INFO  com.bingo.spring_bingo.SpringBingoApplication - Started SpringBingoApplication in 3.882 seconds (JVM running for 4.463)
